<?xml version="1.0" encoding="UTF-8"?>
<!-- Generated by org.testng.reporters.JUnitReportReporter -->
<testsuite hostname="DESKTOP-OTPSMSU" failures="0" tests="5" name="test_cases.Checkout_Page_Finish_Test" time="26.129" errors="0" timestamp="2023-12-18T13:07:56 IST" skipped="0">
  <testcase classname="test_cases.Checkout_Page_Finish_Test" name="VerifythankyouTextTest" time="5.109"/>
  <system-out>
    <![CDATA[Verify Thankyou Text = Thank you for your order!]]>
  </system-out>
  <testcase classname="test_cases.Checkout_Page_Finish_Test" name="verifyyourorderTextTest" time="5.017"/>
  <system-out>
    <![CDATA[Verify your order Text = Your order has been dispatched, and will arrive just as fast as the pony can get there!]]>
  </system-out>
  <testcase classname="test_cases.Checkout_Page_Finish_Test" name="clickonbackhomeBtnTest" time="5.031"/>
  <system-out>
    <![CDATA[Click On Backhome Button = https://www.saucedemo.com/inventory.html]]>
  </system-out>
  <testcase classname="test_cases.Checkout_Page_Finish_Test" name="verifychqoutCompleteTest" time="5.031"/>
  <system-out>
    <![CDATA[Verify Text Checkout Complete = Checkout: Complete!]]>
  </system-out>
  <testcase classname="test_cases.Checkout_Page_Finish_Test" name="verifyimgThickMarkTest" time="5.941"/>
  <system-out>
    <![CDATA[Verify Thick Mark Img = true]]>
  </system-out>
</testsuite> <!-- test_cases.Checkout_Page_Finish_Test -->
