<?xml version="1.0" encoding="UTF-8"?>
<!-- Generated by org.testng.reporters.JUnitReportReporter -->
<testsuite hostname="DESKTOP-OTPSMSU" failures="0" tests="3" name="test_cases.LoginPageTest" time="15.143" errors="0" timestamp="2023-12-18T13:09:36 IST" skipped="0">
  <testcase classname="test_cases.LoginPageTest" name="verifyTitleOfApplicationTest" time="4.968"/>
  <system-out/>
  <testcase classname="test_cases.LoginPageTest" name="verifyURLOfApplicationTest" time="5.267"/>
  <system-out/>
  <testcase classname="test_cases.LoginPageTest" name="LoginToApplicationTest" time="4.908"/>
  <system-out/>
</testsuite> <!-- test_cases.LoginPageTest -->
