<?xml version="1.0" encoding="UTF-8"?>
<!-- Generated by org.testng.reporters.JUnitReportReporter -->
<testsuite hostname="DESKTOP-OTPSMSU" failures="0" tests="8" name="test_cases.Check_out_Page_2_Test" time="41.251" errors="0" timestamp="2023-12-18T13:02:42 IST" skipped="0">
  <testcase classname="test_cases.Check_out_Page_2_Test" name="verifytotalRsTest" time="4.995"/>
  <system-out>
    <![CDATA[Verify Total Price = Price Total]]>
  </system-out>
  <testcase classname="test_cases.Check_out_Page_2_Test" name="verifyclickoncancelBtnTest" time="5.057"/>
  <system-out>
    <![CDATA[Verify Click On Cancel Button = https://www.saucedemo.com/inventory.html]]>
  </system-out>
  <testcase classname="test_cases.Check_out_Page_2_Test" name="verifyshippingInfoTest" time="5.214"/>
  <system-out>
    <![CDATA[Verify Shipping Information = Shipping Information]]>
  </system-out>
  <testcase classname="test_cases.Check_out_Page_2_Test" name="verifyclickonfinishBtnTest" time="5.047"/>
  <system-out>
    <![CDATA[Verify Click On Finish Button = https://www.saucedemo.com/checkout-complete.html]]>
  </system-out>
  <testcase classname="test_cases.Check_out_Page_2_Test" name="verifydescriptionLebelTest" time="5.025"/>
  <system-out>
    <![CDATA[Verify Description Lebel = Description]]>
  </system-out>
  <testcase classname="test_cases.Check_out_Page_2_Test" name="verifycheckoutLebelTest" time="6.003"/>
  <system-out>
    <![CDATA[Verify Checkout Text = Checkout: Overview]]>
  </system-out>
  <testcase classname="test_cases.Check_out_Page_2_Test" name="verifyQuantityLebelTest" time="4.957"/>
  <system-out>
    <![CDATA[Verify Quantity Lebel = QTY]]>
  </system-out>
  <testcase classname="test_cases.Check_out_Page_2_Test" name="verifypaymentInfoTest" time="4.953"/>
  <system-out>
    <![CDATA[Verify Payment Information = Payment Information]]>
  </system-out>
</testsuite> <!-- test_cases.Check_out_Page_2_Test -->
