<?xml version="1.0" encoding="UTF-8"?>
<!-- Generated by org.testng.reporters.JUnitReportReporter -->
<testsuite hostname="DESKTOP-OTPSMSU" failures="0" tests="6" name="test_cases.Cart_Page_Test" time="31.422" errors="0" timestamp="2023-12-18T13:01:22 IST" skipped="0">
  <testcase classname="test_cases.Cart_Page_Test" name="verifydescLebelTest" time="4.834"/>
  <system-out>
    <![CDATA[Visibility of Description Lebel = Description]]>
  </system-out>
  <testcase classname="test_cases.Cart_Page_Test" name="chqoutBtnTest" time="4.728"/>
  <system-out>
    <![CDATA[Verify Check OutBtn = https://www.saucedemo.com/checkout-step-one.html]]>
  </system-out>
  <testcase classname="test_cases.Cart_Page_Test" name="verifyquantityLebelTest" time="5.103"/>
  <system-out>
    <![CDATA[Visibility of QTY Lebel = QTY]]>
  </system-out>
  <testcase classname="test_cases.Cart_Page_Test" name="continueBtnTest" time="7.073"/>
  <system-out>
    <![CDATA[Verify Continue Button = https://www.saucedemo.com/inventory.html]]>
  </system-out>
  <testcase classname="test_cases.Cart_Page_Test" name="verifyyourCartTest" time="4.965"/>
  <system-out>
    <![CDATA[Your cart Title in cart page = Your Cart]]>
  </system-out>
  <testcase classname="test_cases.Cart_Page_Test" name="verifyappTitleTest" time="4.719"/>
  <system-out>
    <![CDATA[Title of cart page = Swag Labs]]>
  </system-out>
</testsuite> <!-- test_cases.Cart_Page_Test -->
