<?xml version="1.0" encoding="UTF-8"?>
<!-- Generated by org.testng.reporters.JUnitReportReporter -->
<testsuite hostname="DESKTOP-OTPSMSU" failures="0" tests="3" name="test_cases.Checkout_Page_1_Test$Cart_Page_Test" time="15.551" errors="0" timestamp="2023-12-18T13:07:01 IST" skipped="0">
  <testcase classname="test_cases.Checkout_Page_1_Test$Cart_Page_Test" name="verifytitleOfCheckoutBtnTest" time="4.760"/>
  <system-out>
    <![CDATA[Verification of Title = Checkout: Your Information]]>
  </system-out>
  <testcase classname="test_cases.Checkout_Page_1_Test$Cart_Page_Test" name="verifyURLOfCheckout_Page_1Test" time="5.689"/>
  <system-out>
    <![CDATA[Verification Of Chqout page = https://www.saucedemo.com/checkout-step-one.html]]>
  </system-out>
  <testcase classname="test_cases.Checkout_Page_1_Test$Cart_Page_Test" name="inputInformationTest" time="5.102"/>
  <system-out>
    <![CDATA[Title Of Checkout Page = https://www.saucedemo.com/checkout-step-two.html]]>
  </system-out>
</testsuite> <!-- test_cases.Checkout_Page_1_Test$Cart_Page_Test -->
