<?xml version="1.0" encoding="UTF-8"?>
<!-- Generated by org.testng.reporters.JUnitReportReporter -->
<testsuite hostname="DESKTOP-OTPSMSU" failures="0" tests="1" name="test_cases.Verify_Multiple_Credentials_Test" time="5.717" errors="0" timestamp="2023-12-18T13:17:30 IST" skipped="0">
  <testcase classname="test_cases.Verify_Multiple_Credentials_Test" name="loginToAppWithMultiCredsTest" time="5.717"/>
  <system-out/>
</testsuite> <!-- test_cases.Verify_Multiple_Credentials_Test -->
